[29/Sep/2019 12:57:38] DEBUG [django.db.backends:110] (0.001) 
            SELECT name, type FROM sqlite_master
            WHERE type in ('table', 'view') AND NOT name='sqlite_sequence'
            ORDER BY name; args=None
[29/Sep/2019 12:57:38] DEBUG [django.db.backends:110] (0.001) SELECT "django_migrations"."app", "django_migrations"."name" FROM "django_migrations"; args=()
[29/Sep/2019 12:57:53] DEBUG [django.template:872] Exception while resolving variable 'name' in template 'unknown'.
Traceback (most recent call last):
  File "C:\Users\gmarc\OneDrive\Desktop\Spicify\env\lib\site-packages\django\core\handlers\exception.py", line 34, in inner
    response = get_response(request)
  File "C:\Users\gmarc\OneDrive\Desktop\Spicify\env\lib\site-packages\django\core\handlers\base.py", line 100, in _get_response
    resolver_match = resolver.resolve(request.path_info)
  File "C:\Users\gmarc\OneDrive\Desktop\Spicify\env\lib\site-packages\django\urls\resolvers.py", line 567, in resolve
    raise Resolver404({'tried': tried, 'path': new_path})
django.urls.exceptions.Resolver404: {'tried': [[<URLResolver <URLPattern list> (admin:admin) 'admin/'>], [<URLResolver <module 'hello.urls' from 'C:\\Users\\gmarc\\OneDrive\\Desktop\\Spicify\\hello\\urls.py'> (None:None) ''>, <URLPattern 'home/' [name='home']>], [<URLResolver <module 'hello.urls' from 'C:\\Users\\gmarc\\OneDrive\\Desktop\\Spicify\\hello\\urls.py'> (None:None) ''>, <URLPattern 'about/' [name='about']>], [<URLResolver <module 'hello.urls' from 'C:\\Users\\gmarc\\OneDrive\\Desktop\\Spicify\\hello\\urls.py'> (None:None) ''>, <URLPattern 'hello/<name>' [name='hello_there']>], [<URLPattern 'home/' [name='home']>], [<URLPattern 'about/' [name='about']>], [<URLPattern 'hello/<name>' [name='hello_there']>], [<URLPattern '^static/(?P<path>.*)$'>]], 'path': ''}

During handling of the above exception, another exception occurred:

Traceback (most recent call last):
  File "C:\Users\gmarc\OneDrive\Desktop\Spicify\env\lib\site-packages\django\template\base.py", line 829, in _resolve_lookup
    current = current[bit]
TypeError: 'URLResolver' object is not subscriptable

During handling of the above exception, another exception occurred:

Traceback (most recent call last):
  File "C:\Users\gmarc\OneDrive\Desktop\Spicify\env\lib\site-packages\django\template\base.py", line 837, in _resolve_lookup
    current = getattr(current, bit)
AttributeError: 'URLResolver' object has no attribute 'name'

During handling of the above exception, another exception occurred:

Traceback (most recent call last):
  File "C:\Users\gmarc\OneDrive\Desktop\Spicify\env\lib\site-packages\django\template\base.py", line 843, in _resolve_lookup
    current = current[int(bit)]
ValueError: invalid literal for int() with base 10: 'name'

During handling of the above exception, another exception occurred:

Traceback (most recent call last):
  File "C:\Users\gmarc\OneDrive\Desktop\Spicify\env\lib\site-packages\django\template\base.py", line 850, in _resolve_lookup
    (bit, current))  # missing attribute
django.template.base.VariableDoesNotExist: Failed lookup for key [name] in <URLResolver <URLPattern list> (admin:admin) 'admin/'>
[29/Sep/2019 12:57:53] WARNING [django.request:228] Not Found: /
[29/Sep/2019 12:57:53] WARNING [django.server:154] "GET / HTTP/1.1" 404 2946
[29/Sep/2019 13:08:37] DEBUG [django.db.backends:110] (0.001) 
            SELECT name, type FROM sqlite_master
            WHERE type in ('table', 'view') AND NOT name='sqlite_sequence'
            ORDER BY name; args=None
[29/Sep/2019 13:08:37] DEBUG [django.db.backends:110] (0.000) SELECT "django_migrations"."app", "django_migrations"."name" FROM "django_migrations"; args=()
[29/Sep/2019 13:08:40] DEBUG [django.template:872] Exception while resolving variable 'name' in template 'unknown'.
Traceback (most recent call last):
  File "C:\Users\gmarc\OneDrive\Desktop\Spicify\env\lib\site-packages\django\core\handlers\exception.py", line 34, in inner
    response = get_response(request)
  File "C:\Users\gmarc\OneDrive\Desktop\Spicify\env\lib\site-packages\django\core\handlers\base.py", line 100, in _get_response
    resolver_match = resolver.resolve(request.path_info)
  File "C:\Users\gmarc\OneDrive\Desktop\Spicify\env\lib\site-packages\django\urls\resolvers.py", line 567, in resolve
    raise Resolver404({'tried': tried, 'path': new_path})
django.urls.exceptions.Resolver404: {'tried': [[<URLResolver <URLPattern list> (admin:admin) 'admin/'>], [<URLResolver <module 'hello.urls' from 'C:\\Users\\gmarc\\OneDrive\\Desktop\\Spicify\\hello\\urls.py'> (None:None) ''>, <URLPattern 'home/' [name='home']>], [<URLResolver <module 'hello.urls' from 'C:\\Users\\gmarc\\OneDrive\\Desktop\\Spicify\\hello\\urls.py'> (None:None) ''>, <URLPattern 'about/' [name='about']>], [<URLResolver <module 'hello.urls' from 'C:\\Users\\gmarc\\OneDrive\\Desktop\\Spicify\\hello\\urls.py'> (None:None) ''>, <URLPattern 'hello/<name>' [name='hello_there']>], [<URLPattern 'home/' [name='home']>], [<URLPattern 'about/' [name='about']>], [<URLPattern 'hello/<name>' [name='hello_there']>], [<URLPattern '^static/(?P<path>.*)$'>]], 'path': ''}

During handling of the above exception, another exception occurred:

Traceback (most recent call last):
  File "C:\Users\gmarc\OneDrive\Desktop\Spicify\env\lib\site-packages\django\template\base.py", line 829, in _resolve_lookup
    current = current[bit]
TypeError: 'URLResolver' object is not subscriptable

During handling of the above exception, another exception occurred:

Traceback (most recent call last):
  File "C:\Users\gmarc\OneDrive\Desktop\Spicify\env\lib\site-packages\django\template\base.py", line 837, in _resolve_lookup
    current = getattr(current, bit)
AttributeError: 'URLResolver' object has no attribute 'name'

During handling of the above exception, another exception occurred:

Traceback (most recent call last):
  File "C:\Users\gmarc\OneDrive\Desktop\Spicify\env\lib\site-packages\django\template\base.py", line 843, in _resolve_lookup
    current = current[int(bit)]
ValueError: invalid literal for int() with base 10: 'name'

During handling of the above exception, another exception occurred:

Traceback (most recent call last):
  File "C:\Users\gmarc\OneDrive\Desktop\Spicify\env\lib\site-packages\django\template\base.py", line 850, in _resolve_lookup
    (bit, current))  # missing attribute
django.template.base.VariableDoesNotExist: Failed lookup for key [name] in <URLResolver <URLPattern list> (admin:admin) 'admin/'>
[29/Sep/2019 13:08:40] WARNING [django.request:228] Not Found: /
[29/Sep/2019 13:08:40] WARNING [django.server:154] "GET / HTTP/1.1" 404 2946
[29/Sep/2019 13:17:31] DEBUG [django.db.backends:110] (0.000) 
            SELECT name, type FROM sqlite_master
            WHERE type in ('table', 'view') AND NOT name='sqlite_sequence'
            ORDER BY name; args=None
[29/Sep/2019 13:17:31] DEBUG [django.db.backends:110] (0.001) SELECT "django_migrations"."app", "django_migrations"."name" FROM "django_migrations"; args=()
[29/Sep/2019 13:17:33] INFO [django.server:154] "GET / HTTP/1.1" 200 7
[29/Sep/2019 13:19:40] DEBUG [django.db.backends:110] (0.000) 
            SELECT name, type FROM sqlite_master
            WHERE type in ('table', 'view') AND NOT name='sqlite_sequence'
            ORDER BY name; args=None
[29/Sep/2019 13:19:40] DEBUG [django.db.backends:110] (0.001) SELECT "django_migrations"."app", "django_migrations"."name" FROM "django_migrations"; args=()
[29/Sep/2019 13:19:44] INFO [django.server:154] "GET / HTTP/1.1" 200 7
[29/Sep/2019 13:22:08] DEBUG [django.db.backends:110] (0.002) 
            SELECT name, type FROM sqlite_master
            WHERE type in ('table', 'view') AND NOT name='sqlite_sequence'
            ORDER BY name; args=None
[29/Sep/2019 13:22:08] DEBUG [django.db.backends:110] (0.000) SELECT "django_migrations"."app", "django_migrations"."name" FROM "django_migrations"; args=()
[29/Sep/2019 13:22:12] ERROR [django.request:228] Internal Server Error: /
Traceback (most recent call last):
  File "C:\Users\gmarc\OneDrive\Desktop\Spicify\env\lib\site-packages\django\core\handlers\exception.py", line 34, in inner
    response = get_response(request)
  File "C:\Users\gmarc\OneDrive\Desktop\Spicify\env\lib\site-packages\django\core\handlers\base.py", line 115, in _get_response
    response = self.process_exception_by_middleware(e, request)
  File "C:\Users\gmarc\OneDrive\Desktop\Spicify\env\lib\site-packages\django\core\handlers\base.py", line 113, in _get_response
    response = wrapped_callback(request, *callback_args, **callback_kwargs)
  File "C:\Users\gmarc\OneDrive\Desktop\Spicify\hello\views.py", line 9, in home
    return render(request, "hello/home.html")
NameError: name 'render' is not defined
[29/Sep/2019 13:22:12] ERROR [django.server:154] "GET / HTTP/1.1" 500 67181
[29/Sep/2019 13:23:26] DEBUG [django.db.backends:110] (0.000) 
            SELECT name, type FROM sqlite_master
            WHERE type in ('table', 'view') AND NOT name='sqlite_sequence'
            ORDER BY name; args=None
[29/Sep/2019 13:23:26] DEBUG [django.db.backends:110] (0.000) SELECT "django_migrations"."app", "django_migrations"."name" FROM "django_migrations"; args=()
[29/Sep/2019 13:23:31] ERROR [django.request:228] Internal Server Error: /
Traceback (most recent call last):
  File "C:\Users\gmarc\OneDrive\Desktop\Spicify\env\lib\site-packages\django\core\handlers\exception.py", line 34, in inner
    response = get_response(request)
  File "C:\Users\gmarc\OneDrive\Desktop\Spicify\env\lib\site-packages\django\core\handlers\base.py", line 115, in _get_response
    response = self.process_exception_by_middleware(e, request)
  File "C:\Users\gmarc\OneDrive\Desktop\Spicify\env\lib\site-packages\django\core\handlers\base.py", line 113, in _get_response
    response = wrapped_callback(request, *callback_args, **callback_kwargs)
  File "C:\Users\gmarc\OneDrive\Desktop\Spicify\hello\views.py", line 10, in home
    return render(request, "hello/home.html")
  File "C:\Users\gmarc\OneDrive\Desktop\Spicify\env\lib\site-packages\django\shortcuts.py", line 36, in render
    content = loader.render_to_string(template_name, context, request, using=using)
  File "C:\Users\gmarc\OneDrive\Desktop\Spicify\env\lib\site-packages\django\template\loader.py", line 62, in render_to_string
    return template.render(context, request)
  File "C:\Users\gmarc\OneDrive\Desktop\Spicify\env\lib\site-packages\django\template\backends\django.py", line 61, in render
    return self.template.render(context)
  File "C:\Users\gmarc\OneDrive\Desktop\Spicify\env\lib\site-packages\django\template\base.py", line 171, in render
    return self._render(context)
  File "C:\Users\gmarc\OneDrive\Desktop\Spicify\env\lib\site-packages\django\template\base.py", line 163, in _render
    return self.nodelist.render(context)
  File "C:\Users\gmarc\OneDrive\Desktop\Spicify\env\lib\site-packages\django\template\base.py", line 937, in render
    bit = node.render_annotated(context)
  File "C:\Users\gmarc\OneDrive\Desktop\Spicify\env\lib\site-packages\django\template\base.py", line 904, in render_annotated
    return self.render(context)
  File "C:\Users\gmarc\OneDrive\Desktop\Spicify\env\lib\site-packages\django\template\loader_tags.py", line 150, in render
    return compiled_parent._render(context)
  File "C:\Users\gmarc\OneDrive\Desktop\Spicify\env\lib\site-packages\django\template\base.py", line 163, in _render
    return self.nodelist.render(context)
  File "C:\Users\gmarc\OneDrive\Desktop\Spicify\env\lib\site-packages\django\template\base.py", line 937, in render
    bit = node.render_annotated(context)
  File "C:\Users\gmarc\OneDrive\Desktop\Spicify\env\lib\site-packages\django\template\base.py", line 904, in render_annotated
    return self.render(context)
  File "C:\Users\gmarc\OneDrive\Desktop\Spicify\env\lib\site-packages\django\template\defaulttags.py", line 443, in render
    url = reverse(view_name, args=args, kwargs=kwargs, current_app=current_app)
  File "C:\Users\gmarc\OneDrive\Desktop\Spicify\env\lib\site-packages\django\urls\base.py", line 90, in reverse
    return iri_to_uri(resolver._reverse_with_prefix(view, prefix, *args, **kwargs))
  File "C:\Users\gmarc\OneDrive\Desktop\Spicify\env\lib\site-packages\django\urls\resolvers.py", line 673, in _reverse_with_prefix
    raise NoReverseMatch(msg)
django.urls.exceptions.NoReverseMatch: Reverse for 'about' not found. 'about' is not a valid view function or pattern name.
[29/Sep/2019 13:23:31] ERROR [django.server:154] "GET / HTTP/1.1" 500 131260
[29/Sep/2019 13:24:18] DEBUG [django.db.backends:110] (0.001) 
            SELECT name, type FROM sqlite_master
            WHERE type in ('table', 'view') AND NOT name='sqlite_sequence'
            ORDER BY name; args=None
[29/Sep/2019 13:24:18] DEBUG [django.db.backends:110] (0.000) SELECT "django_migrations"."app", "django_migrations"."name" FROM "django_migrations"; args=()
[29/Sep/2019 13:24:21] ERROR [django.request:228] Internal Server Error: /
Traceback (most recent call last):
  File "C:\Users\gmarc\OneDrive\Desktop\Spicify\env\lib\site-packages\django\core\handlers\exception.py", line 34, in inner
    response = get_response(request)
  File "C:\Users\gmarc\OneDrive\Desktop\Spicify\env\lib\site-packages\django\core\handlers\base.py", line 115, in _get_response
    response = self.process_exception_by_middleware(e, request)
  File "C:\Users\gmarc\OneDrive\Desktop\Spicify\env\lib\site-packages\django\core\handlers\base.py", line 113, in _get_response
    response = wrapped_callback(request, *callback_args, **callback_kwargs)
  File "C:\Users\gmarc\OneDrive\Desktop\Spicify\hello\views.py", line 10, in home
    return render(request, "hello/home.html")
  File "C:\Users\gmarc\OneDrive\Desktop\Spicify\env\lib\site-packages\django\shortcuts.py", line 36, in render
    content = loader.render_to_string(template_name, context, request, using=using)
  File "C:\Users\gmarc\OneDrive\Desktop\Spicify\env\lib\site-packages\django\template\loader.py", line 62, in render_to_string
    return template.render(context, request)
  File "C:\Users\gmarc\OneDrive\Desktop\Spicify\env\lib\site-packages\django\template\backends\django.py", line 61, in render
    return self.template.render(context)
  File "C:\Users\gmarc\OneDrive\Desktop\Spicify\env\lib\site-packages\django\template\base.py", line 171, in render
    return self._render(context)
  File "C:\Users\gmarc\OneDrive\Desktop\Spicify\env\lib\site-packages\django\template\base.py", line 163, in _render
    return self.nodelist.render(context)
  File "C:\Users\gmarc\OneDrive\Desktop\Spicify\env\lib\site-packages\django\template\base.py", line 937, in render
    bit = node.render_annotated(context)
  File "C:\Users\gmarc\OneDrive\Desktop\Spicify\env\lib\site-packages\django\template\base.py", line 904, in render_annotated
    return self.render(context)
  File "C:\Users\gmarc\OneDrive\Desktop\Spicify\env\lib\site-packages\django\template\loader_tags.py", line 150, in render
    return compiled_parent._render(context)
  File "C:\Users\gmarc\OneDrive\Desktop\Spicify\env\lib\site-packages\django\template\base.py", line 163, in _render
    return self.nodelist.render(context)
  File "C:\Users\gmarc\OneDrive\Desktop\Spicify\env\lib\site-packages\django\template\base.py", line 937, in render
    bit = node.render_annotated(context)
  File "C:\Users\gmarc\OneDrive\Desktop\Spicify\env\lib\site-packages\django\template\base.py", line 904, in render_annotated
    return self.render(context)
  File "C:\Users\gmarc\OneDrive\Desktop\Spicify\env\lib\site-packages\django\template\defaulttags.py", line 443, in render
    url = reverse(view_name, args=args, kwargs=kwargs, current_app=current_app)
  File "C:\Users\gmarc\OneDrive\Desktop\Spicify\env\lib\site-packages\django\urls\base.py", line 90, in reverse
    return iri_to_uri(resolver._reverse_with_prefix(view, prefix, *args, **kwargs))
  File "C:\Users\gmarc\OneDrive\Desktop\Spicify\env\lib\site-packages\django\urls\resolvers.py", line 673, in _reverse_with_prefix
    raise NoReverseMatch(msg)
django.urls.exceptions.NoReverseMatch: Reverse for 'about' not found. 'about' is not a valid view function or pattern name.
[29/Sep/2019 13:24:21] ERROR [django.server:154] "GET / HTTP/1.1" 500 131260
[29/Sep/2019 13:25:06] DEBUG [django.db.backends:110] (0.001) 
            SELECT name, type FROM sqlite_master
            WHERE type in ('table', 'view') AND NOT name='sqlite_sequence'
            ORDER BY name; args=None
[29/Sep/2019 13:25:06] DEBUG [django.db.backends:110] (0.000) SELECT "django_migrations"."app", "django_migrations"."name" FROM "django_migrations"; args=()
[29/Sep/2019 13:25:09] INFO [django.server:154] "GET / HTTP/1.1" 200 437
[29/Sep/2019 13:25:09] INFO [django.server:154] "GET /static/hello/site.css HTTP/1.1" 200 604
[30/Sep/2019 18:27:17] DEBUG [django.db.backends:110] (0.002) 
            SELECT name, type FROM sqlite_master
            WHERE type in ('table', 'view') AND NOT name='sqlite_sequence'
            ORDER BY name; args=None
[30/Sep/2019 18:27:17] DEBUG [django.db.backends:110] (0.000) SELECT "django_migrations"."app", "django_migrations"."name" FROM "django_migrations"; args=()
[30/Sep/2019 18:27:21] INFO [django.server:154] "GET / HTTP/1.1" 200 437
[30/Sep/2019 18:27:21] INFO [django.server:154] "GET /static/hello/site.css HTTP/1.1" 200 604
[30/Sep/2019 18:31:09] DEBUG [django.db.backends:110] (0.001) 
            SELECT name, type FROM sqlite_master
            WHERE type in ('table', 'view') AND NOT name='sqlite_sequence'
            ORDER BY name; args=None
[30/Sep/2019 18:31:09] DEBUG [django.db.backends:110] (0.000) SELECT "django_migrations"."app", "django_migrations"."name" FROM "django_migrations"; args=()
[30/Sep/2019 18:31:12] INFO [django.server:154] "GET / HTTP/1.1" 200 391
[30/Sep/2019 18:31:16] INFO [django.server:154] "GET /home/ HTTP/1.1" 200 391
[30/Sep/2019 18:34:02] DEBUG [django.db.backends:110] (0.001) 
            SELECT name, type FROM sqlite_master
            WHERE type in ('table', 'view') AND NOT name='sqlite_sequence'
            ORDER BY name; args=None
[30/Sep/2019 18:34:02] DEBUG [django.db.backends:110] (0.000) SELECT "django_migrations"."app", "django_migrations"."name" FROM "django_migrations"; args=()
[30/Sep/2019 18:34:04] INFO [django.server:154] "GET / HTTP/1.1" 200 448
[30/Sep/2019 18:34:07] INFO [django.server:154] "GET /home/ HTTP/1.1" 200 448
[30/Sep/2019 18:34:10] INFO [django.server:154] "GET /home/ HTTP/1.1" 200 448
[30/Sep/2019 18:34:15] INFO [django.server:154] "GET /home/ HTTP/1.1" 200 448
[30/Sep/2019 18:34:35] DEBUG [django.db.backends:110] (0.000) 
            SELECT name, type FROM sqlite_master
            WHERE type in ('table', 'view') AND NOT name='sqlite_sequence'
            ORDER BY name; args=None
[30/Sep/2019 18:34:35] DEBUG [django.db.backends:110] (0.000) SELECT "django_migrations"."app", "django_migrations"."name" FROM "django_migrations"; args=()
[30/Sep/2019 18:34:40] INFO [django.server:154] "GET / HTTP/1.1" 200 451
[30/Sep/2019 18:34:42] INFO [django.server:154] "GET /category HTTP/1.1" 200 497
[30/Sep/2019 18:42:59] DEBUG [django.db.backends:110] (0.000) 
            SELECT name, type FROM sqlite_master
            WHERE type in ('table', 'view') AND NOT name='sqlite_sequence'
            ORDER BY name; args=None
[30/Sep/2019 18:42:59] DEBUG [django.db.backends:110] (0.000) SELECT "django_migrations"."app", "django_migrations"."name" FROM "django_migrations"; args=()
[30/Sep/2019 18:43:01] INFO [django.server:154] "GET / HTTP/1.1" 200 460
[30/Sep/2019 18:47:57] DEBUG [django.db.backends:110] (0.000) 
            SELECT name, type FROM sqlite_master
            WHERE type in ('table', 'view') AND NOT name='sqlite_sequence'
            ORDER BY name; args=None
[30/Sep/2019 18:47:57] DEBUG [django.db.backends:110] (0.000) SELECT "django_migrations"."app", "django_migrations"."name" FROM "django_migrations"; args=()
[30/Sep/2019 18:48:00] INFO [django.server:154] "GET / HTTP/1.1" 200 451
[30/Sep/2019 18:48:02] INFO [django.server:154] "GET /category HTTP/1.1" 200 562
[30/Sep/2019 18:53:07] DEBUG [django.db.backends:110] (0.001) 
            SELECT name, type FROM sqlite_master
            WHERE type in ('table', 'view') AND NOT name='sqlite_sequence'
            ORDER BY name; args=None
[30/Sep/2019 18:53:07] DEBUG [django.db.backends:110] (0.000) SELECT "django_migrations"."app", "django_migrations"."name" FROM "django_migrations"; args=()
[30/Sep/2019 18:53:10] INFO [django.server:154] "GET / HTTP/1.1" 200 451
[30/Sep/2019 18:53:12] INFO [django.server:154] "GET /category HTTP/1.1" 200 639
[30/Sep/2019 18:53:20] INFO [django.server:154] "GET /category HTTP/1.1" 200 639
[30/Sep/2019 18:58:35] DEBUG [django.db.backends:110] (0.000) 
            SELECT name, type FROM sqlite_master
            WHERE type in ('table', 'view') AND NOT name='sqlite_sequence'
            ORDER BY name; args=None
[30/Sep/2019 18:58:35] DEBUG [django.db.backends:110] (0.000) SELECT "django_migrations"."app", "django_migrations"."name" FROM "django_migrations"; args=()
[30/Sep/2019 18:58:40] INFO [django.server:154] "GET / HTTP/1.1" 200 451
[30/Sep/2019 18:58:43] INFO [django.server:154] "GET /category HTTP/1.1" 200 1426
[30/Sep/2019 18:58:50] INFO [django.server:154] "GET / HTTP/1.1" 200 451
[30/Sep/2019 18:59:28] DEBUG [django.db.backends:110] (0.000) 
            SELECT name, type FROM sqlite_master
            WHERE type in ('table', 'view') AND NOT name='sqlite_sequence'
            ORDER BY name; args=None
[30/Sep/2019 18:59:28] DEBUG [django.db.backends:110] (0.001) SELECT "django_migrations"."app", "django_migrations"."name" FROM "django_migrations"; args=()
[30/Sep/2019 18:59:30] INFO [django.server:154] "GET / HTTP/1.1" 200 451
[30/Sep/2019 19:00:43] INFO [django.server:154] "GET / HTTP/1.1" 200 451
[30/Sep/2019 19:00:43] INFO [django.server:154] "GET /static/hello/site.css HTTP/1.1" 304 0
[30/Sep/2019 19:00:45] INFO [django.server:154] "GET / HTTP/1.1" 200 451
[30/Sep/2019 19:00:45] INFO [django.server:154] "GET /static/hello/site.css HTTP/1.1" 304 0
[30/Sep/2019 19:01:00] DEBUG [django.db.backends:110] (0.000) 
            SELECT name, type FROM sqlite_master
            WHERE type in ('table', 'view') AND NOT name='sqlite_sequence'
            ORDER BY name; args=None
[30/Sep/2019 19:01:00] DEBUG [django.db.backends:110] (0.000) SELECT "django_migrations"."app", "django_migrations"."name" FROM "django_migrations"; args=()
[30/Sep/2019 19:01:03] INFO [django.server:154] "GET / HTTP/1.1" 200 472
[30/Sep/2019 19:01:09] INFO [django.server:154] "GET /category HTTP/1.1" 200 1445
[30/Sep/2019 19:01:13] INFO [django.server:154] "GET /home/ HTTP/1.1" 200 472
[30/Sep/2019 19:02:06] DEBUG [django.db.backends:110] (0.000) 
            SELECT name, type FROM sqlite_master
            WHERE type in ('table', 'view') AND NOT name='sqlite_sequence'
            ORDER BY name; args=None
[30/Sep/2019 19:02:06] DEBUG [django.db.backends:110] (0.000) SELECT "django_migrations"."app", "django_migrations"."name" FROM "django_migrations"; args=()
[30/Sep/2019 19:02:08] INFO [django.server:154] "GET / HTTP/1.1" 200 470
[30/Sep/2019 19:02:10] INFO [django.server:154] "GET /category HTTP/1.1" 200 1444
[30/Sep/2019 19:03:33] DEBUG [django.db.backends:110] (0.000) 
            SELECT name, type FROM sqlite_master
            WHERE type in ('table', 'view') AND NOT name='sqlite_sequence'
            ORDER BY name; args=None
[30/Sep/2019 19:03:33] DEBUG [django.db.backends:110] (0.000) SELECT "django_migrations"."app", "django_migrations"."name" FROM "django_migrations"; args=()
[30/Sep/2019 19:03:36] INFO [django.server:154] "GET / HTTP/1.1" 200 470
[30/Sep/2019 19:03:37] INFO [django.server:154] "GET /category HTTP/1.1" 200 1420
[30/Sep/2019 19:05:04] DEBUG [django.db.backends:110] (0.000) 
            SELECT name, type FROM sqlite_master
            WHERE type in ('table', 'view') AND NOT name='sqlite_sequence'
            ORDER BY name; args=None
[30/Sep/2019 19:05:04] DEBUG [django.db.backends:110] (0.000) SELECT "django_migrations"."app", "django_migrations"."name" FROM "django_migrations"; args=()
[30/Sep/2019 19:05:06] INFO [django.server:154] "GET / HTTP/1.1" 200 470
[30/Sep/2019 19:05:08] INFO [django.server:154] "GET /category HTTP/1.1" 200 1444
[30/Sep/2019 21:10:14] DEBUG [django.db.backends:110] (0.000) 
            SELECT name, type FROM sqlite_master
            WHERE type in ('table', 'view') AND NOT name='sqlite_sequence'
            ORDER BY name; args=None
[30/Sep/2019 21:10:14] DEBUG [django.db.backends:110] (0.000) SELECT "django_migrations"."app", "django_migrations"."name" FROM "django_migrations"; args=()
[30/Sep/2019 21:10:16] INFO [django.server:154] "GET / HTTP/1.1" 200 470
[30/Sep/2019 21:10:36] INFO [django.server:154] "GET /category HTTP/1.1" 200 1444
[30/Sep/2019 21:10:42] INFO [django.server:154] "GET / HTTP/1.1" 200 470
[01/Oct/2019 11:56:57] DEBUG [django.db.backends:110] (0.001) 
            SELECT name, type FROM sqlite_master
            WHERE type in ('table', 'view') AND NOT name='sqlite_sequence'
            ORDER BY name; args=None
[01/Oct/2019 11:56:57] DEBUG [django.db.backends:110] (0.000) SELECT "django_migrations"."app", "django_migrations"."name" FROM "django_migrations"; args=()
[01/Oct/2019 11:56:59] INFO [django.server:154] "GET / HTTP/1.1" 200 470
[01/Oct/2019 11:56:59] INFO [django.server:154] "GET /static/hello/site.css HTTP/1.1" 304 0
[01/Oct/2019 11:57:01] INFO [django.server:154] "GET /category HTTP/1.1" 200 1444
[01/Oct/2019 12:19:30] DEBUG [django.db.backends:110] (0.001) 
            SELECT name, type FROM sqlite_master
            WHERE type in ('table', 'view') AND NOT name='sqlite_sequence'
            ORDER BY name; args=None
[01/Oct/2019 12:19:30] DEBUG [django.db.backends:110] (0.000) SELECT "django_migrations"."app", "django_migrations"."name" FROM "django_migrations"; args=()
[01/Oct/2019 12:19:32] INFO [django.server:154] "GET / HTTP/1.1" 200 484
[01/Oct/2019 12:21:12] DEBUG [django.db.backends:110] (0.001) 
            SELECT name, type FROM sqlite_master
            WHERE type in ('table', 'view') AND NOT name='sqlite_sequence'
            ORDER BY name; args=None
[01/Oct/2019 12:21:12] DEBUG [django.db.backends:110] (0.000) SELECT "django_migrations"."app", "django_migrations"."name" FROM "django_migrations"; args=()
[01/Oct/2019 12:21:14] INFO [django.server:154] "GET / HTTP/1.1" 200 484
[01/Oct/2019 12:22:41] DEBUG [django.db.backends:110] (0.001) 
            SELECT name, type FROM sqlite_master
            WHERE type in ('table', 'view') AND NOT name='sqlite_sequence'
            ORDER BY name; args=None
[01/Oct/2019 12:22:41] DEBUG [django.db.backends:110] (0.000) SELECT "django_migrations"."app", "django_migrations"."name" FROM "django_migrations"; args=()
[01/Oct/2019 12:22:44] INFO [django.server:154] "GET / HTTP/1.1" 200 1105
[01/Oct/2019 12:33:41] DEBUG [django.db.backends:110] (0.001) 
            SELECT name, type FROM sqlite_master
            WHERE type in ('table', 'view') AND NOT name='sqlite_sequence'
            ORDER BY name; args=None
[01/Oct/2019 12:33:41] DEBUG [django.db.backends:110] (0.000) SELECT "django_migrations"."app", "django_migrations"."name" FROM "django_migrations"; args=()
[01/Oct/2019 12:33:44] INFO [django.server:154] "GET / HTTP/1.1" 200 1105
[01/Oct/2019 12:33:47] INFO [django.server:154] "GET /category HTTP/1.1" 200 2079
[01/Oct/2019 12:34:16] INFO [django.server:154] "GET /category HTTP/1.1" 200 2079
[01/Oct/2019 12:36:15] DEBUG [django.db.backends:110] (0.002) 
            SELECT name, type FROM sqlite_master
            WHERE type in ('table', 'view') AND NOT name='sqlite_sequence'
            ORDER BY name; args=None
[01/Oct/2019 12:36:15] DEBUG [django.db.backends:110] (0.000) SELECT "django_migrations"."app", "django_migrations"."name" FROM "django_migrations"; args=()
[01/Oct/2019 12:36:19] INFO [django.server:154] "GET / HTTP/1.1" 200 1105
[01/Oct/2019 12:36:22] INFO [django.server:154] "GET /category HTTP/1.1" 200 2119
[01/Oct/2019 12:37:03] DEBUG [django.db.backends:110] (0.000) 
            SELECT name, type FROM sqlite_master
            WHERE type in ('table', 'view') AND NOT name='sqlite_sequence'
            ORDER BY name; args=None
[01/Oct/2019 12:37:03] DEBUG [django.db.backends:110] (0.000) SELECT "django_migrations"."app", "django_migrations"."name" FROM "django_migrations"; args=()
[01/Oct/2019 12:37:07] INFO [django.server:154] "GET / HTTP/1.1" 200 1105
[01/Oct/2019 12:37:11] INFO [django.server:154] "GET /category HTTP/1.1" 200 2120
[01/Oct/2019 12:37:50] DEBUG [django.db.backends:110] (0.000) 
            SELECT name, type FROM sqlite_master
            WHERE type in ('table', 'view') AND NOT name='sqlite_sequence'
            ORDER BY name; args=None
[01/Oct/2019 12:37:50] DEBUG [django.db.backends:110] (0.000) SELECT "django_migrations"."app", "django_migrations"."name" FROM "django_migrations"; args=()
[01/Oct/2019 12:37:52] INFO [django.server:154] "GET / HTTP/1.1" 200 1105
[01/Oct/2019 12:37:56] INFO [django.server:154] "GET /category HTTP/1.1" 200 2129
[01/Oct/2019 12:42:35] DEBUG [django.db.backends:110] (0.001) 
            SELECT name, type FROM sqlite_master
            WHERE type in ('table', 'view') AND NOT name='sqlite_sequence'
            ORDER BY name; args=None
[01/Oct/2019 12:42:35] DEBUG [django.db.backends:110] (0.001) SELECT "django_migrations"."app", "django_migrations"."name" FROM "django_migrations"; args=()
[01/Oct/2019 12:42:38] INFO [django.server:154] "GET / HTTP/1.1" 200 1376
[01/Oct/2019 12:42:59] DEBUG [django.db.backends:110] (0.000) 
            SELECT name, type FROM sqlite_master
            WHERE type in ('table', 'view') AND NOT name='sqlite_sequence'
            ORDER BY name; args=None
[01/Oct/2019 12:42:59] DEBUG [django.db.backends:110] (0.000) SELECT "django_migrations"."app", "django_migrations"."name" FROM "django_migrations"; args=()
[01/Oct/2019 12:43:02] INFO [django.server:154] "GET / HTTP/1.1" 200 1105
[01/Oct/2019 12:43:03] INFO [django.server:154] "GET /category HTTP/1.1" 200 2129
[01/Oct/2019 12:53:05] DEBUG [django.db.backends:110] (0.001) 
            SELECT name, type FROM sqlite_master
            WHERE type in ('table', 'view') AND NOT name='sqlite_sequence'
            ORDER BY name; args=None
[01/Oct/2019 12:53:05] DEBUG [django.db.backends:110] (0.000) SELECT "django_migrations"."app", "django_migrations"."name" FROM "django_migrations"; args=()
[01/Oct/2019 12:53:08] INFO [django.server:154] "GET / HTTP/1.1" 200 1105
[01/Oct/2019 12:53:10] INFO [django.server:154] "GET /category HTTP/1.1" 200 2129
[01/Oct/2019 12:53:16] INFO [django.server:154] "GET / HTTP/1.1" 200 1105
[01/Oct/2019 12:53:54] DEBUG [django.db.backends:110] (0.001) 
            SELECT name, type FROM sqlite_master
            WHERE type in ('table', 'view') AND NOT name='sqlite_sequence'
            ORDER BY name; args=None
[01/Oct/2019 12:53:54] DEBUG [django.db.backends:110] (0.000) SELECT "django_migrations"."app", "django_migrations"."name" FROM "django_migrations"; args=()
[01/Oct/2019 12:53:56] INFO [django.server:154] "GET / HTTP/1.1" 200 1105
[01/Oct/2019 12:53:57] INFO [django.server:154] "GET /category HTTP/1.1" 200 2120
[01/Oct/2019 12:54:21] DEBUG [django.db.backends:110] (0.001) 
            SELECT name, type FROM sqlite_master
            WHERE type in ('table', 'view') AND NOT name='sqlite_sequence'
            ORDER BY name; args=None
[01/Oct/2019 12:54:21] DEBUG [django.db.backends:110] (0.001) SELECT "django_migrations"."app", "django_migrations"."name" FROM "django_migrations"; args=()
[01/Oct/2019 12:54:23] INFO [django.server:154] "GET / HTTP/1.1" 200 1105
[01/Oct/2019 12:54:25] INFO [django.server:154] "GET /category HTTP/1.1" 200 2120
[01/Oct/2019 13:00:48] DEBUG [django.db.backends:110] (0.000) 
            SELECT name, type FROM sqlite_master
            WHERE type in ('table', 'view') AND NOT name='sqlite_sequence'
            ORDER BY name; args=None
[01/Oct/2019 13:00:48] DEBUG [django.db.backends:110] (0.000) SELECT "django_migrations"."app", "django_migrations"."name" FROM "django_migrations"; args=()
[01/Oct/2019 13:00:51] INFO [django.server:154] "GET / HTTP/1.1" 200 1189
[01/Oct/2019 13:00:51] WARNING [django.request:228] Not Found: /{% static 'hello/site.css'}
[01/Oct/2019 13:00:51] WARNING [django.server:154] "GET /%7B%%20static%20'hello/site.css'%7D HTTP/1.1" 404 2450
[01/Oct/2019 13:00:54] INFO [django.server:154] "GET /category HTTP/1.1" 200 2204
[01/Oct/2019 13:00:54] WARNING [django.request:228] Not Found: /{% static 'hello/site.css'}
[01/Oct/2019 13:00:54] WARNING [django.server:154] "GET /%7B%%20static%20'hello/site.css'%7D HTTP/1.1" 404 2450
[01/Oct/2019 13:01:37] DEBUG [django.db.backends:110] (0.000) 
            SELECT name, type FROM sqlite_master
            WHERE type in ('table', 'view') AND NOT name='sqlite_sequence'
            ORDER BY name; args=None
[01/Oct/2019 13:01:37] DEBUG [django.db.backends:110] (0.000) SELECT "django_migrations"."app", "django_migrations"."name" FROM "django_migrations"; args=()
[01/Oct/2019 13:01:40] INFO [django.server:154] "GET / HTTP/1.1" 200 1189
[01/Oct/2019 13:01:40] WARNING [django.request:228] Not Found: /{% static 'hello/site.css'}
[01/Oct/2019 13:01:40] WARNING [django.server:154] "GET /%7B%%20static%20'hello/site.css'%7D HTTP/1.1" 404 2450
[01/Oct/2019 13:01:41] INFO [django.server:154] "GET /category HTTP/1.1" 200 2220
[01/Oct/2019 13:01:41] WARNING [django.request:228] Not Found: /{% static 'hello/site.css'}
[01/Oct/2019 13:01:41] WARNING [django.server:154] "GET /%7B%%20static%20'hello/site.css'%7D HTTP/1.1" 404 2450
[01/Oct/2019 13:02:42] DEBUG [django.db.backends:110] (0.001) 
            SELECT name, type FROM sqlite_master
            WHERE type in ('table', 'view') AND NOT name='sqlite_sequence'
            ORDER BY name; args=None
[01/Oct/2019 13:02:42] DEBUG [django.db.backends:110] (0.000) SELECT "django_migrations"."app", "django_migrations"."name" FROM "django_migrations"; args=()
[01/Oct/2019 13:02:45] INFO [django.server:154] "GET / HTTP/1.1" 200 1189
[01/Oct/2019 13:02:45] WARNING [django.request:228] Not Found: /{% static 'hello/site.css'}
[01/Oct/2019 13:02:45] WARNING [django.server:154] "GET /%7B%%20static%20'hello/site.css'%7D HTTP/1.1" 404 2450
[01/Oct/2019 13:02:47] INFO [django.server:154] "GET /category HTTP/1.1" 200 2205
[01/Oct/2019 13:02:47] WARNING [django.request:228] Not Found: /{% static 'hello/site.css'}
[01/Oct/2019 13:02:47] WARNING [django.server:154] "GET /%7B%%20static%20'hello/site.css'%7D HTTP/1.1" 404 2450
[01/Oct/2019 13:04:25] DEBUG [django.db.backends:110] (0.001) 
            SELECT name, type FROM sqlite_master
            WHERE type in ('table', 'view') AND NOT name='sqlite_sequence'
            ORDER BY name; args=None
[01/Oct/2019 13:04:25] DEBUG [django.db.backends:110] (0.000) SELECT "django_migrations"."app", "django_migrations"."name" FROM "django_migrations"; args=()
[01/Oct/2019 13:04:27] INFO [django.server:154] "GET / HTTP/1.1" 200 1184
[01/Oct/2019 13:04:28] INFO [django.server:154] "GET /category HTTP/1.1" 200 2200
[01/Oct/2019 13:05:39] DEBUG [django.db.backends:110] (0.001) 
            SELECT name, type FROM sqlite_master
            WHERE type in ('table', 'view') AND NOT name='sqlite_sequence'
            ORDER BY name; args=None
[01/Oct/2019 13:05:39] DEBUG [django.db.backends:110] (0.001) SELECT "django_migrations"."app", "django_migrations"."name" FROM "django_migrations"; args=()
[01/Oct/2019 13:05:41] INFO [django.server:154] "GET / HTTP/1.1" 200 1185
[01/Oct/2019 13:05:43] INFO [django.server:154] "GET /category HTTP/1.1" 200 2201
[01/Oct/2019 13:19:03] DEBUG [django.db.backends:110] (0.000) 
            SELECT name, type FROM sqlite_master
            WHERE type in ('table', 'view') AND NOT name='sqlite_sequence'
            ORDER BY name; args=None
[01/Oct/2019 13:19:03] DEBUG [django.db.backends:110] (0.001) SELECT "django_migrations"."app", "django_migrations"."name" FROM "django_migrations"; args=()
[01/Oct/2019 13:19:07] INFO [django.server:154] "GET / HTTP/1.1" 200 1444
[01/Oct/2019 13:19:10] INFO [django.server:154] "GET /category HTTP/1.1" 200 2460
[01/Oct/2019 13:22:37] DEBUG [django.db.backends:110] (0.001) 
            SELECT name, type FROM sqlite_master
            WHERE type in ('table', 'view') AND NOT name='sqlite_sequence'
            ORDER BY name; args=None
[01/Oct/2019 13:22:37] DEBUG [django.db.backends:110] (0.000) SELECT "django_migrations"."app", "django_migrations"."name" FROM "django_migrations"; args=()
[01/Oct/2019 13:22:39] INFO [django.server:154] "GET / HTTP/1.1" 200 1444
[01/Oct/2019 13:22:40] INFO [django.server:154] "GET /category HTTP/1.1" 200 2473
[01/Oct/2019 13:23:06] DEBUG [django.db.backends:110] (0.001) 
            SELECT name, type FROM sqlite_master
            WHERE type in ('table', 'view') AND NOT name='sqlite_sequence'
            ORDER BY name; args=None
[01/Oct/2019 13:23:06] DEBUG [django.db.backends:110] (0.000) SELECT "django_migrations"."app", "django_migrations"."name" FROM "django_migrations"; args=()
[01/Oct/2019 13:23:08] INFO [django.server:154] "GET / HTTP/1.1" 200 1444
[01/Oct/2019 13:23:11] INFO [django.server:154] "GET /category HTTP/1.1" 200 2469
[01/Oct/2019 15:26:14] DEBUG [django.db.backends:110] (0.000) 
            SELECT name, type FROM sqlite_master
            WHERE type in ('table', 'view') AND NOT name='sqlite_sequence'
            ORDER BY name; args=None
[01/Oct/2019 15:26:14] DEBUG [django.db.backends:110] (0.000) SELECT "django_migrations"."app", "django_migrations"."name" FROM "django_migrations"; args=()
[01/Oct/2019 15:26:19] INFO [django.server:154] "GET / HTTP/1.1" 200 1444
[01/Oct/2019 15:26:38] INFO [django.server:154] "GET /category HTTP/1.1" 200 2469
[01/Oct/2019 15:26:57] INFO [django.server:154] "GET /home/ HTTP/1.1" 200 1444
[01/Oct/2019 15:27:07] INFO [django.server:154] "GET /category HTTP/1.1" 200 2469
[01/Oct/2019 15:33:00] DEBUG [django.db.backends:110] (0.000) 
            SELECT name, type FROM sqlite_master
            WHERE type in ('table', 'view') AND NOT name='sqlite_sequence'
            ORDER BY name; args=None
[01/Oct/2019 15:33:00] DEBUG [django.db.backends:110] (0.000) SELECT "django_migrations"."app", "django_migrations"."name" FROM "django_migrations"; args=()
[01/Oct/2019 15:33:04] INFO [django.server:154] "GET / HTTP/1.1" 200 1492
[01/Oct/2019 15:33:09] INFO [django.server:154] "GET /category HTTP/1.1" 200 2517
[01/Oct/2019 16:28:31] DEBUG [django.db.backends:110] (0.000) 
            SELECT name, type FROM sqlite_master
            WHERE type in ('table', 'view') AND NOT name='sqlite_sequence'
            ORDER BY name; args=None
[01/Oct/2019 16:28:31] DEBUG [django.db.backends:110] (0.000) SELECT "django_migrations"."app", "django_migrations"."name" FROM "django_migrations"; args=()
[01/Oct/2019 16:28:38] INFO [django.server:154] "GET / HTTP/1.1" 200 1492
[01/Oct/2019 16:28:51] INFO [django.server:154] "GET /category HTTP/1.1" 200 2517
[01/Oct/2019 16:29:09] INFO [django.server:154] "GET /home/ HTTP/1.1" 200 1492
